Using pre-set license
Built from '2020.3/staging' branch; Version is '2020.3.14f1 (d0d1bb862f9d) revision 13685179'; Using compiler version '192528614'; Build Type 'Release'
OS: 'Windows 10 Home; OS build 19043.1237; Version 2009; 64bit' Language: 'en' Physical Memory: 16311 MB
BatchMode: 1, IsHumanControllingUs: 0, StartBugReporterOnCrash: 0, Is64bit: 1, IsPro: 0

 COMMAND LINE ARGUMENTS:
D:\Unity\2020.3.14f1\Editor\Unity.exe
-adb2
-batchMode
-noUpm
-name
AssetImportWorker0
-projectPath
C:/Users/garri/OneDrive/Documents/GitHub/holbertonschool-unity/0x00-unity-assets_models_textures
-logFile
Logs/AssetImportWorker0.log
-srvPort
54092
Successfully changed project path to: C:/Users/garri/OneDrive/Documents/GitHub/holbertonschool-unity/0x00-unity-assets_models_textures
C:/Users/garri/OneDrive/Documents/GitHub/holbertonschool-unity/0x00-unity-assets_models_textures
Using Asset Import Pipeline V2.
Refreshing native plugins compatible for Editor in 37.91 ms, found 2 plugins.
Preloading 0 native plugins for Editor in 0.00 ms.
Initialize engine version: 2020.3.14f1 (d0d1bb862f9d)
[Subsystems] Discovering subsystems at path D:/Unity/2020.3.14f1/Editor/Data/Resources/UnitySubsystems
[Subsystems] Discovering subsystems at path C:/Users/garri/OneDrive/Documents/GitHub/holbertonschool-unity/0x00-unity-assets_models_textures/Assets
GfxDevice: creating device client; threaded=0
Direct3D:
    Version:  Direct3D 11.0 [level 11.1]
    Renderer: NVIDIA GeForce GTX 1070 (ID=0x1b81)
    Vendor:   
    VRAM:     8088 MB
    Driver:   30.0.14.7168
Initialize mono
Mono path[0] = 'D:/Unity/2020.3.14f1/Editor/Data/Managed'
Mono path[1] = 'D:/Unity/2020.3.14f1/Editor/Data/MonoBleedingEdge/lib/mono/unityjit'
Mono config path = 'D:/Unity/2020.3.14f1/Editor/Data/MonoBleedingEdge/etc'
Using monoOptions --debugger-agent=transport=dt_socket,embedding=1,server=y,suspend=n,address=127.0.0.1:56224
Begin MonoManager ReloadAssembly
Registering precompiled unity dll's ...
Register platform support module: D:/Unity/2020.3.14f1/Editor/Data/PlaybackEngines/WebGLSupport/UnityEditor.WebGL.Extensions.dll
Register platform support module: D:/Unity/2020.3.14f1/Editor/Data/PlaybackEngines/MacStandaloneSupport/UnityEditor.OSXStandalone.Extensions.dll
Register platform support module: D:/Unity/2020.3.14f1/Editor/Data/PlaybackEngines/WindowsStandaloneSupport/UnityEditor.WindowsStandalone.Extensions.dll
Register platform support module: D:/Unity/2020.3.14f1/Editor/Data/PlaybackEngines/LinuxStandaloneSupport/UnityEditor.LinuxStandalone.Extensions.dll
Registered in 0.002325 seconds.
Native extension for LinuxStandalone target not found
Native extension for WindowsStandalone target not found
Native extension for OSXStandalone target not found
Native extension for WebGL target not found
Refreshing native plugins compatible for Editor in 35.09 ms, found 2 plugins.
Preloading 0 native plugins for Editor in 0.00 ms.
Mono: successfully reloaded assembly
- Completed reload, in  2.749 seconds
Domain Reload Profiling:
	ReloadAssembly (2749ms)
		BeginReloadAssembly (75ms)
			ExecutionOrderSort (0ms)
			DisableScriptedObjects (0ms)
			BackupInstance (0ms)
			ReleaseScriptingObjects (0ms)
			CreateAndSetChildDomain (1ms)
		EndReloadAssembly (452ms)
			LoadAssemblies (76ms)
			RebuildTransferFunctionScriptingTraits (0ms)
			SetupTypeCache (166ms)
			ReleaseScriptCaches (0ms)
			RebuildScriptCaches (33ms)
			SetupLoadedEditorAssemblies (178ms)
				LogAssemblyErrors (0ms)
				InitializePlatformSupportModulesInManaged (7ms)
				SetLoadedEditorAssemblies (0ms)
				RefreshPlugins (35ms)
				BeforeProcessingInitializeOnLoad (12ms)
				ProcessInitializeOnLoadAttributes (93ms)
				ProcessInitializeOnLoadMethodAttributes (31ms)
				AfterProcessingInitializeOnLoad (0ms)
				EditorAssembliesLoaded (0ms)
			ExecutionOrderSort2 (0ms)
			AwakeInstancesAfterBackupRestoration (0ms)
Platform modules already initialized, skipping
Registering precompiled user dll's ...
Registered in 0.005491 seconds.
Begin MonoManager ReloadAssembly
Native extension for LinuxStandalone target not found
Native extension for WindowsStandalone target not found
Native extension for OSXStandalone target not found
Native extension for WebGL target not found
Refreshing native plugins compatible for Editor in 0.40 ms, found 2 plugins.
Preloading 0 native plugins for Editor in 0.00 ms.
Mono: successfully reloaded assembly
- Completed reload, in  1.113 seconds
Domain Reload Profiling:
	ReloadAssembly (1114ms)
		BeginReloadAssembly (184ms)
			ExecutionOrderSort (0ms)
			DisableScriptedObjects (5ms)
			BackupInstance (0ms)
			ReleaseScriptingObjects (0ms)
			CreateAndSetChildDomain (22ms)
		EndReloadAssembly (864ms)
			LoadAssemblies (114ms)
			RebuildTransferFunctionScriptingTraits (0ms)
			SetupTypeCache (299ms)
			ReleaseScriptCaches (0ms)
			RebuildScriptCaches (43ms)
			SetupLoadedEditorAssemblies (323ms)
				LogAssemblyErrors (0ms)
				InitializePlatformSupportModulesInManaged (8ms)
				SetLoadedEditorAssemblies (0ms)
				RefreshPlugins (0ms)
				BeforeProcessingInitializeOnLoad (103ms)
				ProcessInitializeOnLoadAttributes (204ms)
				ProcessInitializeOnLoadMethodAttributes (4ms)
				AfterProcessingInitializeOnLoad (3ms)
				EditorAssembliesLoaded (0ms)
			ExecutionOrderSort2 (0ms)
			AwakeInstancesAfterBackupRestoration (7ms)
Platform modules already initialized, skipping
========================================================================
Worker process is ready to serve import requests
Launched and connected shader compiler UnityShaderCompiler.exe after 0.06 seconds
Refreshing native plugins compatible for Editor in 0.39 ms, found 2 plugins.
Preloading 0 native plugins for Editor in 0.00 ms.
Unloading 1395 Unused Serialized files (Serialized files now loaded: 0)
System memory in use before: 66.9 MB.
System memory in use after: 67.0 MB.

Unloading 19 unused Assets to reduce memory usage. Loaded Objects now: 1830.
Total: 2.003200 ms (FindLiveObjects: 0.145900 ms CreateObjectMapping: 0.034300 ms MarkObjects: 1.740800 ms  DeleteObjects: 0.081000 ms)

AssetImportParameters requested are different than current active one (requested -> active):
  custom:framework-win-MediaFoundation: 216162199b28c13a410421893ffa2e32 -> 
  custom:video-decoder-ogg-theora: a1e56fd34408186e4bbccfd4996cb3dc -> 
  custom:container-muxer-webm: aa71ff27fc2769a1b78a27578f13a17b -> 
  custom:container-demuxer-webm: 4f35f7cbe854078d1ac9338744f61a02 -> 
  custom:container-demuxer-ogg: 62fdf1f143b41e24485cea50d1cbac27 -> 
  custom:video-encoder-webm-vp8: eb34c28f22e8b96e1ab97ce403110664 -> 
  custom:video-decoder-webm-vp8: 9c59270c3fd7afecdb556c50c9e8de78 -> 
  custom:audio-decoder-ogg-vorbis: bf7c407c2cedff20999df2af8eb42d56 -> 
  custom:audio-encoder-webm-vorbis: bf7c407c2cedff20999df2af8eb42d56 -> 
========================================================================
Received Import Request.
  path: Assets/Scenes/Level01.unity
  artifactKey: Guid(82f6aebf5befd314599376861987df83) Importer(815301076,1909f56bfc062723c751e8b465ee728b)
Start importing Assets/Scenes/Level01.unity using Guid(82f6aebf5befd314599376861987df83) Importer(815301076,1909f56bfc062723c751e8b465ee728b)  -> (artifact id: '85bbc9bf39feacfefe25202d75ffe37f') in 0.018274 seconds 
  Import took 0.020521 seconds .

========================================================================
Received Import Request.
  Time since last request: 26.158818 seconds.
  path: Assets/Scenes/New Scene.unity
  artifactKey: Guid(7f52f487c7adafb429b9525f39473ed2) Importer(815301076,1909f56bfc062723c751e8b465ee728b)
Start importing Assets/Scenes/New Scene.unity using Guid(7f52f487c7adafb429b9525f39473ed2) Importer(815301076,1909f56bfc062723c751e8b465ee728b)  -> (artifact id: 'c657d22a13f9448728c22889687782f6') in 0.010107 seconds 
  Import took 0.012743 seconds .

========================================================================
Received Import Request.
  Time since last request: 11.015994 seconds.
  path: Assets/Scenes/Level02.unity
  artifactKey: Guid(7f52f487c7adafb429b9525f39473ed2) Importer(815301076,1909f56bfc062723c751e8b465ee728b)
Start importing Assets/Scenes/Level02.unity using Guid(7f52f487c7adafb429b9525f39473ed2) Importer(815301076,1909f56bfc062723c751e8b465ee728b)  -> (artifact id: '6f29cb5360e72301ea2252b6fd8f9595') in 0.009207 seconds 
  Import took 0.012311 seconds .

========================================================================
Received Import Request.
  Time since last request: 22.495142 seconds.
  path: Assets/Scenes/Level03.unity
  artifactKey: Guid(dc1ed2b6153329648b87e9eedc83a6ff) Importer(815301076,1909f56bfc062723c751e8b465ee728b)
Start importing Assets/Scenes/Level03.unity using Guid(dc1ed2b6153329648b87e9eedc83a6ff) Importer(815301076,1909f56bfc062723c751e8b465ee728b)  -> (artifact id: '2315eecdbd1aa9de3b3759dd27a81fbb') in 0.008734 seconds 
  Import took 0.011179 seconds .

========================================================================
Received Import Request.
  Time since last request: 103.226256 seconds.
  path: Assets/Scenes/Level02.unity
  artifactKey: Guid(7f52f487c7adafb429b9525f39473ed2) Importer(815301076,1909f56bfc062723c751e8b465ee728b)
Start importing Assets/Scenes/Level02.unity using Guid(7f52f487c7adafb429b9525f39473ed2) Importer(815301076,1909f56bfc062723c751e8b465ee728b)  -> (artifact id: 'fe43c9122018bf3d9beaec9f676c550e') in 0.003930 seconds 
  Import took 0.006512 seconds .

========================================================================
Received Import Request.
  Time since last request: 0.865072 seconds.
  path: Assets/Scenes/Level03.unity
  artifactKey: Guid(dc1ed2b6153329648b87e9eedc83a6ff) Importer(815301076,1909f56bfc062723c751e8b465ee728b)
Start importing Assets/Scenes/Level03.unity using Guid(dc1ed2b6153329648b87e9eedc83a6ff) Importer(815301076,1909f56bfc062723c751e8b465ee728b)  -> (artifact id: '95dd2f6093946daf8af3fac679de1798') in 0.003948 seconds 
  Import took 0.006389 seconds .

========================================================================
Received Import Request.
  Time since last request: 202.588721 seconds.
  path: Assets/Models/kenney_naturepackextended_updated/Source/naturePack_extended.skp
  artifactKey: Guid(8ee504931863fa14e9d6ea6d751a5f61) Importer(815301076,1909f56bfc062723c751e8b465ee728b)
Start importing Assets/Models/kenney_naturepackextended_updated/Source/naturePack_extended.skp using Guid(8ee504931863fa14e9d6ea6d751a5f61) Importer(815301076,1909f56bfc062723c751e8b465ee728b)  -> (artifact id: 'dce10d6990b9efe18d41622203bd9443') in 1.652549 seconds 
  Import took 1.657065 seconds .

========================================================================
Received Import Request.
  Time since last request: 1197.818132 seconds.
  path: Assets/Materials/Skyboxes/New Material.mat
  artifactKey: Guid(53d8b6ff86b0c7d439788c909a3d83e9) Importer(815301076,1909f56bfc062723c751e8b465ee728b)
Start importing Assets/Materials/Skyboxes/New Material.mat using Guid(53d8b6ff86b0c7d439788c909a3d83e9) Importer(815301076,1909f56bfc062723c751e8b465ee728b)  -> (artifact id: 'aa7e8e5c4dfe6dcb7ab5bd79cbd04244') in 0.026097 seconds 
  Import took 0.028991 seconds .

========================================================================
Received Import Request.
  Time since last request: 68.038170 seconds.
  path: Assets/Materials/Skyboxes/CloudyCrown_Daybreak.mat
  artifactKey: Guid(53d8b6ff86b0c7d439788c909a3d83e9) Importer(815301076,1909f56bfc062723c751e8b465ee728b)
Start importing Assets/Materials/Skyboxes/CloudyCrown_Daybreak.mat using Guid(53d8b6ff86b0c7d439788c909a3d83e9) Importer(815301076,1909f56bfc062723c751e8b465ee728b)  -> (artifact id: 'e1bf6d02f4c35857d3eb65a273b843a3') in 0.051730 seconds 
  Import took 0.054820 seconds .

========================================================================
Received Import Request.
  Time since last request: 722.548681 seconds.
  path: Assets/Materials/Skyboxes/New Material.mat
  artifactKey: Guid(b8de820eded51a9429effceaaf5efd3a) Importer(815301076,1909f56bfc062723c751e8b465ee728b)
Start importing Assets/Materials/Skyboxes/New Material.mat using Guid(b8de820eded51a9429effceaaf5efd3a) Importer(815301076,1909f56bfc062723c751e8b465ee728b)  -> (artifact id: 'b8d52b6b3e22898391d7ee68ed991d53') in 0.016125 seconds 
  Import took 0.018934 seconds .

========================================================================
Received Import Request.
  Time since last request: 55.474000 seconds.
  path: Assets/Materials/Skyboxes/CloudyCrown_Midnight.mat
  artifactKey: Guid(b8de820eded51a9429effceaaf5efd3a) Importer(815301076,1909f56bfc062723c751e8b465ee728b)
Start importing Assets/Materials/Skyboxes/CloudyCrown_Midnight.mat using Guid(b8de820eded51a9429effceaaf5efd3a) Importer(815301076,1909f56bfc062723c751e8b465ee728b)  -> (artifact id: '4c21060666525c3ccd18d740179f1dca') in 0.014807 seconds 
  Import took 0.017561 seconds .

========================================================================
Received Import Request.
  Time since last request: 43.525105 seconds.
  path: Assets/Scenes/Level01.unity
  artifactKey: Guid(82f6aebf5befd314599376861987df83) Importer(815301076,1909f56bfc062723c751e8b465ee728b)
Start importing Assets/Scenes/Level01.unity using Guid(82f6aebf5befd314599376861987df83) Importer(815301076,1909f56bfc062723c751e8b465ee728b)  -> (artifact id: 'e3918516b8a84a84102dd24d3f98ebb0') in 0.009118 seconds 
  Import took 0.011612 seconds .

========================================================================
Received Import Request.
  Time since last request: 2.887326 seconds.
  path: Assets/Materials/Skyboxes/CloudyCrown_Midnight.mat
  artifactKey: Guid(b8de820eded51a9429effceaaf5efd3a) Importer(815301076,1909f56bfc062723c751e8b465ee728b)
Start importing Assets/Materials/Skyboxes/CloudyCrown_Midnight.mat using Guid(b8de820eded51a9429effceaaf5efd3a) Importer(815301076,1909f56bfc062723c751e8b465ee728b)  -> (artifact id: 'c4a348ca0f6406934fc652c0f51a9934') in 0.025997 seconds 
  Import took 0.029066 seconds .

========================================================================
Received Import Request.
  Time since last request: 183.555816 seconds.
  path: Assets/Scenes/Level01/LightingData.asset
  artifactKey: Guid(bcae18d67d461684d8b0525644bcbc27) Importer(815301076,1909f56bfc062723c751e8b465ee728b)
Start importing Assets/Scenes/Level01/LightingData.asset using Guid(bcae18d67d461684d8b0525644bcbc27) Importer(815301076,1909f56bfc062723c751e8b465ee728b)  -> (artifact id: '960f5d37f2589be416706fba58c5cfe9') in 0.017925 seconds 
  Import took 0.020959 seconds .

========================================================================
Received Import Request.
  Time since last request: 0.003883 seconds.
  path: Assets/Scenes/Level01/LightingData.asset
  artifactKey: Guid(bcae18d67d461684d8b0525644bcbc27) Importer(815301076,1909f56bfc062723c751e8b465ee728b)
Start importing Assets/Scenes/Level01/LightingData.asset using Guid(bcae18d67d461684d8b0525644bcbc27) Importer(815301076,1909f56bfc062723c751e8b465ee728b)  -> (artifact id: '960f5d37f2589be416706fba58c5cfe9') in 0.004516 seconds 
  Import took 0.007101 seconds .

========================================================================
Received Import Request.
  Time since last request: 18.075898 seconds.
  path: Assets/Scenes/Level01
  artifactKey: Guid(ad4aa40ef18629d48a81a17f55405909) Importer(815301076,1909f56bfc062723c751e8b465ee728b)
Start importing Assets/Scenes/Level01 using Guid(ad4aa40ef18629d48a81a17f55405909) Importer(815301076,1909f56bfc062723c751e8b465ee728b)  -> (artifact id: '34884268eefa8042a619a80e4b76a4c0') in 0.008693 seconds 
  Import took 0.011388 seconds .

========================================================================
Received Import Request.
  Time since last request: 55.620191 seconds.
  path: Assets/Scenes/Level01.unity
  artifactKey: Guid(82f6aebf5befd314599376861987df83) Importer(815301076,1909f56bfc062723c751e8b465ee728b)
Start importing Assets/Scenes/Level01.unity using Guid(82f6aebf5befd314599376861987df83) Importer(815301076,1909f56bfc062723c751e8b465ee728b)  -> (artifact id: '33289dfe91d93ba1792b7fa50362e541') in 0.004809 seconds 
  Import took 0.007341 seconds .

========================================================================
Received Import Request.
  Time since last request: 109.890008 seconds.
  path: Assets/Scenes/Level02.unity
  artifactKey: Guid(7f52f487c7adafb429b9525f39473ed2) Importer(815301076,1909f56bfc062723c751e8b465ee728b)
Start importing Assets/Scenes/Level02.unity using Guid(7f52f487c7adafb429b9525f39473ed2) Importer(815301076,1909f56bfc062723c751e8b465ee728b)  -> (artifact id: '197b39d5748ddf19b6aeda4e3b8c6c18') in 0.004125 seconds 
  Import took 0.006914 seconds .

========================================================================
Received Prepare
Registering precompiled user dll's ...
Registered in 0.004845 seconds.
Begin MonoManager ReloadAssembly
Native extension for LinuxStandalone target not found
Native extension for WindowsStandalone target not found
Native extension for OSXStandalone target not found
Native extension for WebGL target not found
Refreshing native plugins compatible for Editor in 0.38 ms, found 2 plugins.
Preloading 0 native plugins for Editor in 0.00 ms.
Mono: successfully reloaded assembly
- Completed reload, in  1.030 seconds
Domain Reload Profiling:
	ReloadAssembly (1030ms)
		BeginReloadAssembly (133ms)
			ExecutionOrderSort (0ms)
			DisableScriptedObjects (5ms)
			BackupInstance (0ms)
			ReleaseScriptingObjects (0ms)
			CreateAndSetChildDomain (34ms)
		EndReloadAssembly (830ms)
			LoadAssemblies (116ms)
			RebuildTransferFunctionScriptingTraits (0ms)
			SetupTypeCache (284ms)
			ReleaseScriptCaches (1ms)
			RebuildScriptCaches (43ms)
			SetupLoadedEditorAssemblies (301ms)
				LogAssemblyErrors (0ms)
				InitializePlatformSupportModulesInManaged (8ms)
				SetLoadedEditorAssemblies (0ms)
				RefreshPlugins (0ms)
				BeforeProcessingInitializeOnLoad (97ms)
				ProcessInitializeOnLoadAttributes (189ms)
				ProcessInitializeOnLoadMethodAttributes (4ms)
				AfterProcessingInitializeOnLoad (3ms)
				EditorAssembliesLoaded (0ms)
			ExecutionOrderSort2 (0ms)
			AwakeInstancesAfterBackupRestoration (7ms)
Platform modules already initialized, skipping
Refreshing native plugins compatible for Editor in 0.40 ms, found 2 plugins.
Preloading 0 native plugins for Editor in 0.00 ms.
Unloading 1390 Unused Serialized files (Serialized files now loaded: 0)
System memory in use before: 70.7 MB.
System memory in use after: 70.8 MB.

Unloading 14 unused Assets to reduce memory usage. Loaded Objects now: 1876.
Total: 1.993000 ms (FindLiveObjects: 0.152900 ms CreateObjectMapping: 0.035100 ms MarkObjects: 1.751200 ms  DeleteObjects: 0.052300 ms)

AssetImportParameters requested are different than current active one (requested -> active):
  custom:framework-win-MediaFoundation: 216162199b28c13a410421893ffa2e32 -> 
  custom:video-decoder-ogg-theora: a1e56fd34408186e4bbccfd4996cb3dc -> 
  custom:container-muxer-webm: aa71ff27fc2769a1b78a27578f13a17b -> 
  custom:container-demuxer-webm: 4f35f7cbe854078d1ac9338744f61a02 -> 
  custom:container-demuxer-ogg: 62fdf1f143b41e24485cea50d1cbac27 -> 
  custom:video-encoder-webm-vp8: eb34c28f22e8b96e1ab97ce403110664 -> 
  custom:video-decoder-webm-vp8: 9c59270c3fd7afecdb556c50c9e8de78 -> 
  custom:audio-decoder-ogg-vorbis: bf7c407c2cedff20999df2af8eb42d56 -> 
  custom:audio-encoder-webm-vorbis: bf7c407c2cedff20999df2af8eb42d56 -> 
========================================================================
Received Import Request.
  Time since last request: 249.402813 seconds.
  path: Assets/Scenes/Level02.unity
  artifactKey: Guid(7f52f487c7adafb429b9525f39473ed2) Importer(815301076,1909f56bfc062723c751e8b465ee728b)
Start importing Assets/Scenes/Level02.unity using Guid(7f52f487c7adafb429b9525f39473ed2) Importer(815301076,1909f56bfc062723c751e8b465ee728b)  -> (artifact id: '201f4e0976a6ed08a7194e7f148d0d46') in 0.014098 seconds 
  Import took 0.016849 seconds .

========================================================================
Received Import Request.
  Time since last request: 654.088454 seconds.
  path: Assets/Scenes/Level03.unity
  artifactKey: Guid(dc1ed2b6153329648b87e9eedc83a6ff) Importer(815301076,1909f56bfc062723c751e8b465ee728b)
Start importing Assets/Scenes/Level03.unity using Guid(dc1ed2b6153329648b87e9eedc83a6ff) Importer(815301076,1909f56bfc062723c751e8b465ee728b)  -> (artifact id: '95540bd04af807181df8d23f863797e7') in 0.008468 seconds 
  Import took 0.011191 seconds .

========================================================================
Received Import Request.
  Time since last request: 0.000655 seconds.
  path: Assets/Scenes/Level03.unity
  artifactKey: Guid(dc1ed2b6153329648b87e9eedc83a6ff) Importer(815301076,1909f56bfc062723c751e8b465ee728b)
Start importing Assets/Scenes/Level03.unity using Guid(dc1ed2b6153329648b87e9eedc83a6ff) Importer(815301076,1909f56bfc062723c751e8b465ee728b)  -> (artifact id: '95540bd04af807181df8d23f863797e7') in 0.003956 seconds 
  Import took 0.006597 seconds .

