Using pre-set license
Built from '2020.3/staging' branch; Version is '2020.3.14f1 (d0d1bb862f9d) revision 13685179'; Using compiler version '192528614'; Build Type 'Release'
OS: 'Windows 10 Home; OS build 19043.1165; Version 2009; 64bit' Language: 'en' Physical Memory: 16311 MB
BatchMode: 1, IsHumanControllingUs: 0, StartBugReporterOnCrash: 0, Is64bit: 1, IsPro: 0

 COMMAND LINE ARGUMENTS:
D:\Unity\2020.3.14f1\Editor\Unity.exe
-adb2
-batchMode
-noUpm
-name
AssetImportWorker0
-projectPath
D:/Unity/holbertonschool-unity/0x01-unity_concepts/New Unity Project (1)
-logFile
Logs/AssetImportWorker0.log
-srvPort
56552
Successfully changed project path to: D:/Unity/holbertonschool-unity/0x01-unity_concepts/New Unity Project (1)
D:/Unity/holbertonschool-unity/0x01-unity_concepts/New Unity Project (1)
Using Asset Import Pipeline V2.
Refreshing native plugins compatible for Editor in 32.96 ms, found 2 plugins.
Preloading 0 native plugins for Editor in 0.00 ms.
Initialize engine version: 2020.3.14f1 (d0d1bb862f9d)
[Subsystems] Discovering subsystems at path D:/Unity/2020.3.14f1/Editor/Data/Resources/UnitySubsystems
[Subsystems] Discovering subsystems at path D:/Unity/holbertonschool-unity/0x01-unity_concepts/New Unity Project (1)/Assets
GfxDevice: creating device client; threaded=0
Direct3D:
    Version:  Direct3D 11.0 [level 11.1]
    Renderer: NVIDIA GeForce GTX 1070 (ID=0x1b81)
    Vendor:   
    VRAM:     8088 MB
    Driver:   30.0.14.7111
Initialize mono
Mono path[0] = 'D:/Unity/2020.3.14f1/Editor/Data/Managed'
Mono path[1] = 'D:/Unity/2020.3.14f1/Editor/Data/MonoBleedingEdge/lib/mono/unityjit'
Mono config path = 'D:/Unity/2020.3.14f1/Editor/Data/MonoBleedingEdge/etc'
Using monoOptions --debugger-agent=transport=dt_socket,embedding=1,server=y,suspend=n,address=127.0.0.1:56584
Begin MonoManager ReloadAssembly
Registering precompiled unity dll's ...
Register platform support module: D:/Unity/2020.3.14f1/Editor/Data/PlaybackEngines/WebGLSupport/UnityEditor.WebGL.Extensions.dll
Register platform support module: D:/Unity/2020.3.14f1/Editor/Data/PlaybackEngines/WindowsStandaloneSupport/UnityEditor.WindowsStandalone.Extensions.dll
Registered in 0.001667 seconds.
Native extension for WindowsStandalone target not found
Native extension for WebGL target not found
Refreshing native plugins compatible for Editor in 29.45 ms, found 2 plugins.
Preloading 0 native plugins for Editor in 0.00 ms.
Mono: successfully reloaded assembly
- Completed reload, in  2.683 seconds
Domain Reload Profiling:
	ReloadAssembly (2683ms)
		BeginReloadAssembly (73ms)
			ExecutionOrderSort (0ms)
			DisableScriptedObjects (0ms)
			BackupInstance (0ms)
			ReleaseScriptingObjects (0ms)
			CreateAndSetChildDomain (1ms)
		EndReloadAssembly (433ms)
			LoadAssemblies (73ms)
			RebuildTransferFunctionScriptingTraits (0ms)
			SetupTypeCache (163ms)
			ReleaseScriptCaches (0ms)
			RebuildScriptCaches (33ms)
			SetupLoadedEditorAssemblies (167ms)
				LogAssemblyErrors (0ms)
				InitializePlatformSupportModulesInManaged (5ms)
				SetLoadedEditorAssemblies (0ms)
				RefreshPlugins (30ms)
				BeforeProcessingInitializeOnLoad (11ms)
				ProcessInitializeOnLoadAttributes (91ms)
				ProcessInitializeOnLoadMethodAttributes (30ms)
				AfterProcessingInitializeOnLoad (0ms)
				EditorAssembliesLoaded (0ms)
			ExecutionOrderSort2 (0ms)
			AwakeInstancesAfterBackupRestoration (0ms)
Platform modules already initialized, skipping
Registering precompiled user dll's ...
Registered in 0.004013 seconds.
Begin MonoManager ReloadAssembly
Native extension for WindowsStandalone target not found
Native extension for WebGL target not found
Refreshing native plugins compatible for Editor in 0.30 ms, found 2 plugins.
Preloading 0 native plugins for Editor in 0.00 ms.
Mono: successfully reloaded assembly
- Completed reload, in  1.090 seconds
Domain Reload Profiling:
	ReloadAssembly (1091ms)
		BeginReloadAssembly (178ms)
			ExecutionOrderSort (0ms)
			DisableScriptedObjects (5ms)
			BackupInstance (0ms)
			ReleaseScriptingObjects (0ms)
			CreateAndSetChildDomain (17ms)
		EndReloadAssembly (848ms)
			LoadAssemblies (113ms)
			RebuildTransferFunctionScriptingTraits (0ms)
			SetupTypeCache (285ms)
			ReleaseScriptCaches (0ms)
			RebuildScriptCaches (44ms)
			SetupLoadedEditorAssemblies (321ms)
				LogAssemblyErrors (0ms)
				InitializePlatformSupportModulesInManaged (6ms)
				SetLoadedEditorAssemblies (0ms)
				RefreshPlugins (0ms)
				BeforeProcessingInitializeOnLoad (97ms)
				ProcessInitializeOnLoadAttributes (209ms)
				ProcessInitializeOnLoadMethodAttributes (4ms)
				AfterProcessingInitializeOnLoad (3ms)
				EditorAssembliesLoaded (0ms)
			ExecutionOrderSort2 (0ms)
			AwakeInstancesAfterBackupRestoration (8ms)
Platform modules already initialized, skipping
========================================================================
Worker process is ready to serve import requests
Launched and connected shader compiler UnityShaderCompiler.exe after 0.04 seconds
Refreshing native plugins compatible for Editor in 0.29 ms, found 2 plugins.
Preloading 0 native plugins for Editor in 0.00 ms.
Unloading 1390 Unused Serialized files (Serialized files now loaded: 0)
System memory in use before: 64.7 MB.
System memory in use after: 64.8 MB.

Unloading 19 unused Assets to reduce memory usage. Loaded Objects now: 1823.
Total: 1.896500 ms (FindLiveObjects: 0.148000 ms CreateObjectMapping: 0.032200 ms MarkObjects: 1.640100 ms  DeleteObjects: 0.075100 ms)

AssetImportParameters requested are different than current active one (requested -> active):
  custom:framework-win-MediaFoundation: 216162199b28c13a410421893ffa2e32 -> 
  custom:video-decoder-ogg-theora: a1e56fd34408186e4bbccfd4996cb3dc -> 
  custom:container-muxer-webm: aa71ff27fc2769a1b78a27578f13a17b -> 
  custom:container-demuxer-webm: 4f35f7cbe854078d1ac9338744f61a02 -> 
  custom:container-demuxer-ogg: 62fdf1f143b41e24485cea50d1cbac27 -> 
  custom:video-encoder-webm-vp8: eb34c28f22e8b96e1ab97ce403110664 -> 
  custom:video-decoder-webm-vp8: 9c59270c3fd7afecdb556c50c9e8de78 -> 
  custom:audio-decoder-ogg-vorbis: bf7c407c2cedff20999df2af8eb42d56 -> 
  custom:audio-encoder-webm-vorbis: bf7c407c2cedff20999df2af8eb42d56 -> 
========================================================================
Received Import Request.
  path: Assets/Scenes
  artifactKey: Guid(16d962478099a034facfc29d9d2730c1) Importer(815301076,1909f56bfc062723c751e8b465ee728b)
Start importing Assets/Scenes using Guid(16d962478099a034facfc29d9d2730c1) Importer(815301076,1909f56bfc062723c751e8b465ee728b)  -> (artifact id: '335f5577ea7cc80a0cf13fe924c09d3e') in 0.014952 seconds 
  Import took 0.017135 seconds .

========================================================================
Received Import Request.
  Time since last request: 0.000288 seconds.
  path: Assets/Scenes/SampleScene.unity
  artifactKey: Guid(9fc0d4010bbf28b4594072e72b8655ab) Importer(815301076,1909f56bfc062723c751e8b465ee728b)
Start importing Assets/Scenes/SampleScene.unity using Guid(9fc0d4010bbf28b4594072e72b8655ab) Importer(815301076,1909f56bfc062723c751e8b465ee728b)  -> (artifact id: '85059f4f9e1a832ed95adaa0d25c5c4c') in 0.025026 seconds 
  Import took 0.027420 seconds .

========================================================================
Received Import Request.
  Time since last request: 26.699028 seconds.
  path: Assets/Scenes/0-floor.unity
  artifactKey: Guid(9fc0d4010bbf28b4594072e72b8655ab) Importer(815301076,1909f56bfc062723c751e8b465ee728b)
Start importing Assets/Scenes/0-floor.unity using Guid(9fc0d4010bbf28b4594072e72b8655ab) Importer(815301076,1909f56bfc062723c751e8b465ee728b)  -> (artifact id: '796afbc72bdb3c0d2590bf12351236d7') in 0.007384 seconds 
  Import took 0.009635 seconds .

========================================================================
Received Import Request.
  Time since last request: 331.840605 seconds.
  path: Assets/Scenes/0-floor 1.unity
  artifactKey: Guid(054c8de6f8bf91f499a7d881ec096ea2) Importer(815301076,1909f56bfc062723c751e8b465ee728b)
Start importing Assets/Scenes/0-floor 1.unity using Guid(054c8de6f8bf91f499a7d881ec096ea2) Importer(815301076,1909f56bfc062723c751e8b465ee728b)  -> (artifact id: '4cc06f3e8f78a33a1fff5e45103462cd') in 0.007717 seconds 
  Import took 0.010042 seconds .

========================================================================
Received Import Request.
  Time since last request: 10.310118 seconds.
  path: Assets/Scenes/1-ball.unity
  artifactKey: Guid(054c8de6f8bf91f499a7d881ec096ea2) Importer(815301076,1909f56bfc062723c751e8b465ee728b)
Start importing Assets/Scenes/1-ball.unity using Guid(054c8de6f8bf91f499a7d881ec096ea2) Importer(815301076,1909f56bfc062723c751e8b465ee728b)  -> (artifact id: 'f2efe11ef5fb1bb9c9ade012356c9cd0') in 0.006847 seconds 
  Import took 0.009206 seconds .

========================================================================
Received Prepare
Registering precompiled user dll's ...
Registered in 0.003974 seconds.
Begin MonoManager ReloadAssembly
Native extension for WindowsStandalone target not found
Native extension for WebGL target not found
Refreshing native plugins compatible for Editor in 0.31 ms, found 2 plugins.
Preloading 0 native plugins for Editor in 0.00 ms.
Mono: successfully reloaded assembly
- Completed reload, in  1.016 seconds
Domain Reload Profiling:
	ReloadAssembly (1017ms)
		BeginReloadAssembly (132ms)
			ExecutionOrderSort (0ms)
			DisableScriptedObjects (5ms)
			BackupInstance (0ms)
			ReleaseScriptingObjects (0ms)
			CreateAndSetChildDomain (32ms)
		EndReloadAssembly (817ms)
			LoadAssemblies (110ms)
			RebuildTransferFunctionScriptingTraits (0ms)
			SetupTypeCache (289ms)
			ReleaseScriptCaches (1ms)
			RebuildScriptCaches (40ms)
			SetupLoadedEditorAssemblies (291ms)
				LogAssemblyErrors (0ms)
				InitializePlatformSupportModulesInManaged (6ms)
				SetLoadedEditorAssemblies (0ms)
				RefreshPlugins (0ms)
				BeforeProcessingInitializeOnLoad (88ms)
				ProcessInitializeOnLoadAttributes (190ms)
				ProcessInitializeOnLoadMethodAttributes (4ms)
				AfterProcessingInitializeOnLoad (3ms)
				EditorAssembliesLoaded (0ms)
			ExecutionOrderSort2 (0ms)
			AwakeInstancesAfterBackupRestoration (7ms)
Platform modules already initialized, skipping
Refreshing native plugins compatible for Editor in 0.30 ms, found 2 plugins.
Preloading 0 native plugins for Editor in 0.00 ms.
Unloading 1385 Unused Serialized files (Serialized files now loaded: 0)
System memory in use before: 64.7 MB.
System memory in use after: 64.8 MB.

Unloading 14 unused Assets to reduce memory usage. Loaded Objects now: 1826.
Total: 1.850500 ms (FindLiveObjects: 0.154700 ms CreateObjectMapping: 0.033300 ms MarkObjects: 1.607700 ms  DeleteObjects: 0.053700 ms)

AssetImportParameters requested are different than current active one (requested -> active):
  custom:framework-win-MediaFoundation: 216162199b28c13a410421893ffa2e32 -> 
  custom:video-decoder-ogg-theora: a1e56fd34408186e4bbccfd4996cb3dc -> 
  custom:container-muxer-webm: aa71ff27fc2769a1b78a27578f13a17b -> 
  custom:container-demuxer-webm: 4f35f7cbe854078d1ac9338744f61a02 -> 
  custom:container-demuxer-ogg: 62fdf1f143b41e24485cea50d1cbac27 -> 
  custom:video-encoder-webm-vp8: eb34c28f22e8b96e1ab97ce403110664 -> 
  custom:video-decoder-webm-vp8: 9c59270c3fd7afecdb556c50c9e8de78 -> 
  custom:audio-decoder-ogg-vorbis: bf7c407c2cedff20999df2af8eb42d56 -> 
  custom:audio-encoder-webm-vorbis: bf7c407c2cedff20999df2af8eb42d56 -> 
========================================================================
Received Import Request.
  Time since last request: 373.572927 seconds.
  path: Assets/Scenes/1-ball 1.unity
  artifactKey: Guid(8c7c93023d47a1447b049e267aaa36bb) Importer(815301076,1909f56bfc062723c751e8b465ee728b)
Start importing Assets/Scenes/1-ball 1.unity using Guid(8c7c93023d47a1447b049e267aaa36bb) Importer(815301076,1909f56bfc062723c751e8b465ee728b)  -> (artifact id: '979c3cdf6d878d4eb93156d7e7be12ad') in 0.014586 seconds 
  Import took 0.016806 seconds .

========================================================================
Received Import Request.
  Time since last request: 10.244570 seconds.
  path: Assets/Scenes/2-colors.unity
  artifactKey: Guid(8c7c93023d47a1447b049e267aaa36bb) Importer(815301076,1909f56bfc062723c751e8b465ee728b)
Start importing Assets/Scenes/2-colors.unity using Guid(8c7c93023d47a1447b049e267aaa36bb) Importer(815301076,1909f56bfc062723c751e8b465ee728b)  -> (artifact id: '5fc0f46abff0cf0781b708af7b0cab7a') in 0.007439 seconds 
  Import took 0.009616 seconds .

========================================================================
Received Import Request.
  Time since last request: 71.013165 seconds.
  path: Assets/Scenes/0-floor.unity
  artifactKey: Guid(9fc0d4010bbf28b4594072e72b8655ab) Importer(815301076,1909f56bfc062723c751e8b465ee728b)
Start importing Assets/Scenes/0-floor.unity using Guid(9fc0d4010bbf28b4594072e72b8655ab) Importer(815301076,1909f56bfc062723c751e8b465ee728b)  -> (artifact id: '091264dddb5969004236178e5c104722') in 0.002227 seconds 
  Import took 0.004421 seconds .

========================================================================
Received Import Request.
  Time since last request: 31.913172 seconds.
  path: Assets/Scenes/0-floor.unity
  artifactKey: Guid(9fc0d4010bbf28b4594072e72b8655ab) Importer(815301076,1909f56bfc062723c751e8b465ee728b)
Start importing Assets/Scenes/0-floor.unity using Guid(9fc0d4010bbf28b4594072e72b8655ab) Importer(815301076,1909f56bfc062723c751e8b465ee728b)  -> (artifact id: 'ee6c950e03491c0c3fabd04469c56e17') in 0.002287 seconds 
  Import took 0.004681 seconds .

========================================================================
Received Import Request.
  Time since last request: 0.000527 seconds.
  path: Assets/Scenes/0-floor.unity
  artifactKey: Guid(9fc0d4010bbf28b4594072e72b8655ab) Importer(815301076,1909f56bfc062723c751e8b465ee728b)
Start importing Assets/Scenes/0-floor.unity using Guid(9fc0d4010bbf28b4594072e72b8655ab) Importer(815301076,1909f56bfc062723c751e8b465ee728b)  -> (artifact id: 'ee6c950e03491c0c3fabd04469c56e17') in 0.002139 seconds 
  Import took 0.004230 seconds .

========================================================================
Received Import Request.
  Time since last request: 3.615738 seconds.
  path: Assets/Scenes/0-floor 1.unity
  artifactKey: Guid(90b78f9d86b05e749b610b6fdebe5f0f) Importer(815301076,1909f56bfc062723c751e8b465ee728b)
Start importing Assets/Scenes/0-floor 1.unity using Guid(90b78f9d86b05e749b610b6fdebe5f0f) Importer(815301076,1909f56bfc062723c751e8b465ee728b)  -> (artifact id: '98c91a5d2f5bbb9ab62ae3761a2c5e01') in 0.006695 seconds 
  Import took 0.008876 seconds .

========================================================================
Received Import Request.
  Time since last request: 16.515822 seconds.
  path: Assets/Scenes/1-ball.unity
  artifactKey: Guid(90b78f9d86b05e749b610b6fdebe5f0f) Importer(815301076,1909f56bfc062723c751e8b465ee728b)
Start importing Assets/Scenes/1-ball.unity using Guid(90b78f9d86b05e749b610b6fdebe5f0f) Importer(815301076,1909f56bfc062723c751e8b465ee728b)  -> (artifact id: '33725b8f70bb354bcd15f9af3f8ae1f9') in 0.002939 seconds 
  Import took 0.005164 seconds .

========================================================================
Received Import Request.
  Time since last request: 23.686722 seconds.
  path: Assets/Scenes/1-ball.unity
  artifactKey: Guid(90b78f9d86b05e749b610b6fdebe5f0f) Importer(815301076,1909f56bfc062723c751e8b465ee728b)
Start importing Assets/Scenes/1-ball.unity using Guid(90b78f9d86b05e749b610b6fdebe5f0f) Importer(815301076,1909f56bfc062723c751e8b465ee728b)  -> (artifact id: 'ece180febe8de9384466392a71bbcd04') in 0.002416 seconds 
  Import took 0.004678 seconds .

========================================================================
Received Import Request.
  Time since last request: 12.272419 seconds.
  path: Assets/Scenes/1-ball 1.unity
  artifactKey: Guid(c88d90b14833ef94e9fceafa41826804) Importer(815301076,1909f56bfc062723c751e8b465ee728b)
Start importing Assets/Scenes/1-ball 1.unity using Guid(c88d90b14833ef94e9fceafa41826804) Importer(815301076,1909f56bfc062723c751e8b465ee728b)  -> (artifact id: '17a77d53fd3c7d74fbb213ff8c15a081') in 0.002286 seconds 
  Import took 0.004442 seconds .

========================================================================
Received Import Request.
  Time since last request: 182.858131 seconds.
  path: Assets/Scenes/2-colors.unity
  artifactKey: Guid(c88d90b14833ef94e9fceafa41826804) Importer(815301076,1909f56bfc062723c751e8b465ee728b)
Start importing Assets/Scenes/2-colors.unity using Guid(c88d90b14833ef94e9fceafa41826804) Importer(815301076,1909f56bfc062723c751e8b465ee728b)  -> (artifact id: '785ea2e14f91536aa0849269643fd896') in 0.002723 seconds 
  Import took 0.004938 seconds .

========================================================================
Received Import Request.
  Time since last request: 193.875703 seconds.
  path: Assets/Scenes/Materials
  artifactKey: Guid(21f6914efd70241409fc852bdb635839) Importer(815301076,1909f56bfc062723c751e8b465ee728b)
Start importing Assets/Scenes/Materials using Guid(21f6914efd70241409fc852bdb635839) Importer(815301076,1909f56bfc062723c751e8b465ee728b)  -> (artifact id: '5c8bcec3e20bb248b1eecc9894358461') in 0.006852 seconds 
  Import took 0.009132 seconds .

========================================================================
Received Import Request.
  Time since last request: 431.002005 seconds.
  path: Assets/Scenes/Materials/floor.mat
  artifactKey: Guid(502251891bc3bdf478f02bfd31cbcf8f) Importer(815301076,1909f56bfc062723c751e8b465ee728b)
Start importing Assets/Scenes/Materials/floor.mat using Guid(502251891bc3bdf478f02bfd31cbcf8f) Importer(815301076,1909f56bfc062723c751e8b465ee728b)  -> (artifact id: 'a6418ae17175c357448811e69ee3763e') in 0.119637 seconds 
  Import took 0.121936 seconds .

========================================================================
Received Import Request.
  Time since last request: 1583.151301 seconds.
  path: Assets/Scenes/Materials/ball.mat
  artifactKey: Guid(830d95a6845165c42831399f1e9a147c) Importer(815301076,1909f56bfc062723c751e8b465ee728b)
Start importing Assets/Scenes/Materials/ball.mat using Guid(830d95a6845165c42831399f1e9a147c) Importer(815301076,1909f56bfc062723c751e8b465ee728b)  -> (artifact id: '041804d4c17a3dfda212c9ea200da54d') in 0.032383 seconds 
  Import took 0.035167 seconds .

========================================================================
Received Import Request.
  Time since last request: 44.034125 seconds.
  path: Assets/Scenes/2-colors.unity
  artifactKey: Guid(c88d90b14833ef94e9fceafa41826804) Importer(815301076,1909f56bfc062723c751e8b465ee728b)
Start importing Assets/Scenes/2-colors.unity using Guid(c88d90b14833ef94e9fceafa41826804) Importer(815301076,1909f56bfc062723c751e8b465ee728b)  -> (artifact id: '3745c104145fc571cf94327d31e901b8') in 0.002527 seconds 
  Import took 0.004897 seconds .

========================================================================
Received Import Request.
  Time since last request: 0.000344 seconds.
  path: Assets/Scenes/2-colors.unity
  artifactKey: Guid(c88d90b14833ef94e9fceafa41826804) Importer(815301076,1909f56bfc062723c751e8b465ee728b)
Start importing Assets/Scenes/2-colors.unity using Guid(c88d90b14833ef94e9fceafa41826804) Importer(815301076,1909f56bfc062723c751e8b465ee728b)  -> (artifact id: '3745c104145fc571cf94327d31e901b8') in 0.002189 seconds 
  Import took 0.004306 seconds .

========================================================================
Received Import Request.
  Time since last request: 3.476732 seconds.
  path: Assets/Scenes/2-colors 1.unity
  artifactKey: Guid(994776488f2a0b441aa1cea81bb4b1db) Importer(815301076,1909f56bfc062723c751e8b465ee728b)
Start importing Assets/Scenes/2-colors 1.unity using Guid(994776488f2a0b441aa1cea81bb4b1db) Importer(815301076,1909f56bfc062723c751e8b465ee728b)  -> (artifact id: '403397ca421c1bad7cf1156a2727444b') in 0.007373 seconds 
  Import took 0.010311 seconds .

========================================================================
Received Import Request.
  Time since last request: 12.259021 seconds.
  path: Assets/Scenes/3-gravity.unity
  artifactKey: Guid(994776488f2a0b441aa1cea81bb4b1db) Importer(815301076,1909f56bfc062723c751e8b465ee728b)
Start importing Assets/Scenes/3-gravity.unity using Guid(994776488f2a0b441aa1cea81bb4b1db) Importer(815301076,1909f56bfc062723c751e8b465ee728b)  -> (artifact id: 'e778791ba41192e7dad0fb245fc02732') in 0.006853 seconds 
  Import took 0.009090 seconds .

========================================================================
Received Prepare
Registering precompiled user dll's ...
Registered in 0.004121 seconds.
Begin MonoManager ReloadAssembly
Native extension for WindowsStandalone target not found
Native extension for WebGL target not found
Refreshing native plugins compatible for Editor in 0.32 ms, found 2 plugins.
Preloading 0 native plugins for Editor in 0.00 ms.
Mono: successfully reloaded assembly
- Completed reload, in  1.067 seconds
Domain Reload Profiling:
	ReloadAssembly (1068ms)
		BeginReloadAssembly (135ms)
			ExecutionOrderSort (0ms)
			DisableScriptedObjects (4ms)
			BackupInstance (0ms)
			ReleaseScriptingObjects (0ms)
			CreateAndSetChildDomain (32ms)
		EndReloadAssembly (861ms)
			LoadAssemblies (119ms)
			RebuildTransferFunctionScriptingTraits (0ms)
			SetupTypeCache (291ms)
			ReleaseScriptCaches (1ms)
			RebuildScriptCaches (42ms)
			SetupLoadedEditorAssemblies (317ms)
				LogAssemblyErrors (0ms)
				InitializePlatformSupportModulesInManaged (7ms)
				SetLoadedEditorAssemblies (1ms)
				RefreshPlugins (0ms)
				BeforeProcessingInitializeOnLoad (97ms)
				ProcessInitializeOnLoadAttributes (206ms)
				ProcessInitializeOnLoadMethodAttributes (4ms)
				AfterProcessingInitializeOnLoad (3ms)
				EditorAssembliesLoaded (0ms)
			ExecutionOrderSort2 (0ms)
			AwakeInstancesAfterBackupRestoration (8ms)
Platform modules already initialized, skipping
Refreshing native plugins compatible for Editor in 0.31 ms, found 2 plugins.
Preloading 0 native plugins for Editor in 0.00 ms.
Unloading 1385 Unused Serialized files (Serialized files now loaded: 0)
System memory in use before: 68.1 MB.
System memory in use after: 68.2 MB.

Unloading 14 unused Assets to reduce memory usage. Loaded Objects now: 1869.
Total: 2.205100 ms (FindLiveObjects: 0.221600 ms CreateObjectMapping: 0.034400 ms MarkObjects: 1.886500 ms  DeleteObjects: 0.061400 ms)

AssetImportParameters requested are different than current active one (requested -> active):
  custom:framework-win-MediaFoundation: 216162199b28c13a410421893ffa2e32 -> 
  custom:video-decoder-ogg-theora: a1e56fd34408186e4bbccfd4996cb3dc -> 
  custom:container-muxer-webm: aa71ff27fc2769a1b78a27578f13a17b -> 
  custom:container-demuxer-webm: 4f35f7cbe854078d1ac9338744f61a02 -> 
  custom:container-demuxer-ogg: 62fdf1f143b41e24485cea50d1cbac27 -> 
  custom:video-encoder-webm-vp8: eb34c28f22e8b96e1ab97ce403110664 -> 
  custom:video-decoder-webm-vp8: 9c59270c3fd7afecdb556c50c9e8de78 -> 
  custom:audio-decoder-ogg-vorbis: bf7c407c2cedff20999df2af8eb42d56 -> 
  custom:audio-encoder-webm-vorbis: bf7c407c2cedff20999df2af8eb42d56 -> 
========================================================================
Received Prepare
Registering precompiled user dll's ...
Registered in 0.004168 seconds.
Begin MonoManager ReloadAssembly
Native extension for WindowsStandalone target not found
Native extension for WebGL target not found
Refreshing native plugins compatible for Editor in 0.39 ms, found 2 plugins.
Preloading 0 native plugins for Editor in 0.00 ms.
Mono: successfully reloaded assembly
- Completed reload, in  1.008 seconds
Domain Reload Profiling:
	ReloadAssembly (1009ms)
		BeginReloadAssembly (123ms)
			ExecutionOrderSort (0ms)
			DisableScriptedObjects (6ms)
			BackupInstance (0ms)
			ReleaseScriptingObjects (0ms)
			CreateAndSetChildDomain (28ms)
		EndReloadAssembly (821ms)
			LoadAssemblies (111ms)
			RebuildTransferFunctionScriptingTraits (0ms)
			SetupTypeCache (281ms)
			ReleaseScriptCaches (1ms)
			RebuildScriptCaches (40ms)
			SetupLoadedEditorAssemblies (300ms)
				LogAssemblyErrors (0ms)
				InitializePlatformSupportModulesInManaged (6ms)
				SetLoadedEditorAssemblies (1ms)
				RefreshPlugins (0ms)
				BeforeProcessingInitializeOnLoad (91ms)
				ProcessInitializeOnLoadAttributes (194ms)
				ProcessInitializeOnLoadMethodAttributes (4ms)
				AfterProcessingInitializeOnLoad (3ms)
				EditorAssembliesLoaded (0ms)
			ExecutionOrderSort2 (0ms)
			AwakeInstancesAfterBackupRestoration (10ms)
Platform modules already initialized, skipping
Refreshing native plugins compatible for Editor in 0.32 ms, found 2 plugins.
Preloading 0 native plugins for Editor in 0.00 ms.
Unloading 1385 Unused Serialized files (Serialized files now loaded: 0)
System memory in use before: 68.1 MB.
System memory in use after: 68.2 MB.

Unloading 14 unused Assets to reduce memory usage. Loaded Objects now: 1872.
Total: 1.891400 ms (FindLiveObjects: 0.142400 ms CreateObjectMapping: 0.033400 ms MarkObjects: 1.661700 ms  DeleteObjects: 0.053000 ms)

AssetImportParameters requested are different than current active one (requested -> active):
  custom:framework-win-MediaFoundation: 216162199b28c13a410421893ffa2e32 -> 
  custom:video-decoder-ogg-theora: a1e56fd34408186e4bbccfd4996cb3dc -> 
  custom:container-muxer-webm: aa71ff27fc2769a1b78a27578f13a17b -> 
  custom:container-demuxer-webm: 4f35f7cbe854078d1ac9338744f61a02 -> 
  custom:container-demuxer-ogg: 62fdf1f143b41e24485cea50d1cbac27 -> 
  custom:video-encoder-webm-vp8: eb34c28f22e8b96e1ab97ce403110664 -> 
  custom:video-decoder-webm-vp8: 9c59270c3fd7afecdb556c50c9e8de78 -> 
  custom:audio-decoder-ogg-vorbis: bf7c407c2cedff20999df2af8eb42d56 -> 
  custom:audio-encoder-webm-vorbis: bf7c407c2cedff20999df2af8eb42d56 -> 
========================================================================
Received Import Request.
  Time since last request: 473.252056 seconds.
  path: Assets
  artifactKey: Guid(00000000000000001000000000000000) Importer(815301076,1909f56bfc062723c751e8b465ee728b)
Start importing Assets using Guid(00000000000000001000000000000000) Importer(815301076,1909f56bfc062723c751e8b465ee728b)  -> (artifact id: '42d402b061de3733987d63b9cc3b64de') in 0.008464 seconds 
  Import took 0.010963 seconds .

========================================================================
Received Import Request.
  Time since last request: 0.005184 seconds.
  path: Assets
  artifactKey: Guid(00000000000000001000000000000000) Importer(815301076,1909f56bfc062723c751e8b465ee728b)
Start importing Assets using Guid(00000000000000001000000000000000) Importer(815301076,1909f56bfc062723c751e8b465ee728b)  -> (artifact id: '42d402b061de3733987d63b9cc3b64de') in 0.002546 seconds 
  Import took 0.004703 seconds .

========================================================================
Received Import Request.
  Time since last request: 1395.020421 seconds.
  path: Assets/New Folder
  artifactKey: Guid(6db8de0bac96e4c44ac6e950d48595aa) Importer(815301076,1909f56bfc062723c751e8b465ee728b)
Start importing Assets/New Folder using Guid(6db8de0bac96e4c44ac6e950d48595aa) Importer(815301076,1909f56bfc062723c751e8b465ee728b)  -> (artifact id: '7dc68740876e36c2431b96a5223462bf') in 0.007254 seconds 
  Import took 0.009755 seconds .

========================================================================
Received Import Request.
  Time since last request: 10.838731 seconds.
  path: Assets/Physic Materials
  artifactKey: Guid(6db8de0bac96e4c44ac6e950d48595aa) Importer(815301076,1909f56bfc062723c751e8b465ee728b)
Start importing Assets/Physic Materials using Guid(6db8de0bac96e4c44ac6e950d48595aa) Importer(815301076,1909f56bfc062723c751e8b465ee728b)  -> (artifact id: 'c540abde7050d8ee8990cc4d05aaa172') in 0.006351 seconds 
  Import took 0.008536 seconds .

========================================================================
Received Import Request.
  Time since last request: 14.767564 seconds.
  path: Assets/Physic Materials/bounce.physicMaterial
  artifactKey: Guid(abe13ca310f5898419af7f6e3ba6e635) Importer(815301076,1909f56bfc062723c751e8b465ee728b)
Start importing Assets/Physic Materials/bounce.physicMaterial using Guid(abe13ca310f5898419af7f6e3ba6e635) Importer(815301076,1909f56bfc062723c751e8b465ee728b)  -> (artifact id: '898918c48377b7595150e640771a89ea') in 0.016576 seconds 
  Import took 0.019395 seconds .

========================================================================
Received Prepare
Registering precompiled user dll's ...
Registered in 0.004054 seconds.
Begin MonoManager ReloadAssembly
Native extension for WindowsStandalone target not found
Native extension for WebGL target not found
Refreshing native plugins compatible for Editor in 0.30 ms, found 2 plugins.
Preloading 0 native plugins for Editor in 0.00 ms.
Mono: successfully reloaded assembly
- Completed reload, in  1.017 seconds
Domain Reload Profiling:
	ReloadAssembly (1018ms)
		BeginReloadAssembly (132ms)
			ExecutionOrderSort (0ms)
			DisableScriptedObjects (5ms)
			BackupInstance (0ms)
			ReleaseScriptingObjects (0ms)
			CreateAndSetChildDomain (30ms)
		EndReloadAssembly (822ms)
			LoadAssemblies (108ms)
			RebuildTransferFunctionScriptingTraits (0ms)
			SetupTypeCache (286ms)
			ReleaseScriptCaches (1ms)
			RebuildScriptCaches (40ms)
			SetupLoadedEditorAssemblies (296ms)
				LogAssemblyErrors (0ms)
				InitializePlatformSupportModulesInManaged (6ms)
				SetLoadedEditorAssemblies (1ms)
				RefreshPlugins (0ms)
				BeforeProcessingInitializeOnLoad (86ms)
				ProcessInitializeOnLoadAttributes (196ms)
				ProcessInitializeOnLoadMethodAttributes (4ms)
				AfterProcessingInitializeOnLoad (3ms)
				EditorAssembliesLoaded (0ms)
			ExecutionOrderSort2 (0ms)
			AwakeInstancesAfterBackupRestoration (7ms)
Platform modules already initialized, skipping
Refreshing native plugins compatible for Editor in 0.31 ms, found 2 plugins.
Preloading 0 native plugins for Editor in 0.00 ms.
Unloading 1385 Unused Serialized files (Serialized files now loaded: 0)
System memory in use before: 68.2 MB.
System memory in use after: 68.2 MB.

Unloading 14 unused Assets to reduce memory usage. Loaded Objects now: 1875.
Total: 2.204000 ms (FindLiveObjects: 0.200800 ms CreateObjectMapping: 0.035700 ms MarkObjects: 1.908100 ms  DeleteObjects: 0.058200 ms)

AssetImportParameters requested are different than current active one (requested -> active):
  custom:framework-win-MediaFoundation: 216162199b28c13a410421893ffa2e32 -> 
  custom:video-decoder-ogg-theora: a1e56fd34408186e4bbccfd4996cb3dc -> 
  custom:container-muxer-webm: aa71ff27fc2769a1b78a27578f13a17b -> 
  custom:container-demuxer-webm: 4f35f7cbe854078d1ac9338744f61a02 -> 
  custom:container-demuxer-ogg: 62fdf1f143b41e24485cea50d1cbac27 -> 
  custom:video-encoder-webm-vp8: eb34c28f22e8b96e1ab97ce403110664 -> 
  custom:video-decoder-webm-vp8: 9c59270c3fd7afecdb556c50c9e8de78 -> 
  custom:audio-decoder-ogg-vorbis: bf7c407c2cedff20999df2af8eb42d56 -> 
  custom:audio-encoder-webm-vorbis: bf7c407c2cedff20999df2af8eb42d56 -> 
========================================================================
Received Prepare
Registering precompiled user dll's ...
Registered in 0.004933 seconds.
Begin MonoManager ReloadAssembly
Native extension for WindowsStandalone target not found
Native extension for WebGL target not found
Refreshing native plugins compatible for Editor in 0.31 ms, found 2 plugins.
Preloading 0 native plugins for Editor in 0.00 ms.
Mono: successfully reloaded assembly
- Completed reload, in  1.099 seconds
Domain Reload Profiling:
	ReloadAssembly (1099ms)
		BeginReloadAssembly (143ms)
			ExecutionOrderSort (0ms)
			DisableScriptedObjects (6ms)
			BackupInstance (0ms)
			ReleaseScriptingObjects (0ms)
			CreateAndSetChildDomain (31ms)
		EndReloadAssembly (886ms)
			LoadAssemblies (118ms)
			RebuildTransferFunctionScriptingTraits (0ms)
			SetupTypeCache (308ms)
			ReleaseScriptCaches (1ms)
			RebuildScriptCaches (44ms)
			SetupLoadedEditorAssemblies (324ms)
				LogAssemblyErrors (0ms)
				InitializePlatformSupportModulesInManaged (8ms)
				SetLoadedEditorAssemblies (1ms)
				RefreshPlugins (0ms)
				BeforeProcessingInitializeOnLoad (98ms)
				ProcessInitializeOnLoadAttributes (210ms)
				ProcessInitializeOnLoadMethodAttributes (4ms)
				AfterProcessingInitializeOnLoad (3ms)
				EditorAssembliesLoaded (0ms)
			ExecutionOrderSort2 (0ms)
			AwakeInstancesAfterBackupRestoration (8ms)
Platform modules already initialized, skipping
Refreshing native plugins compatible for Editor in 0.38 ms, found 2 plugins.
Preloading 0 native plugins for Editor in 0.00 ms.
Unloading 1385 Unused Serialized files (Serialized files now loaded: 0)
System memory in use before: 68.2 MB.
System memory in use after: 68.3 MB.

Unloading 14 unused Assets to reduce memory usage. Loaded Objects now: 1878.
Total: 2.555400 ms (FindLiveObjects: 0.189000 ms CreateObjectMapping: 0.037600 ms MarkObjects: 2.266600 ms  DeleteObjects: 0.060600 ms)

AssetImportParameters requested are different than current active one (requested -> active):
  custom:framework-win-MediaFoundation: 216162199b28c13a410421893ffa2e32 -> 
  custom:video-decoder-ogg-theora: a1e56fd34408186e4bbccfd4996cb3dc -> 
  custom:container-muxer-webm: aa71ff27fc2769a1b78a27578f13a17b -> 
  custom:container-demuxer-webm: 4f35f7cbe854078d1ac9338744f61a02 -> 
  custom:container-demuxer-ogg: 62fdf1f143b41e24485cea50d1cbac27 -> 
  custom:video-encoder-webm-vp8: eb34c28f22e8b96e1ab97ce403110664 -> 
  custom:video-decoder-webm-vp8: 9c59270c3fd7afecdb556c50c9e8de78 -> 
  custom:audio-decoder-ogg-vorbis: bf7c407c2cedff20999df2af8eb42d56 -> 
  custom:audio-encoder-webm-vorbis: bf7c407c2cedff20999df2af8eb42d56 -> 
========================================================================
Received Import Request.
  Time since last request: 375.143730 seconds.
  path: Assets/Scenes/3-gravity 1.unity
  artifactKey: Guid(fea3d31748a458940a9a19720bd40e33) Importer(815301076,1909f56bfc062723c751e8b465ee728b)
Start importing Assets/Scenes/3-gravity 1.unity using Guid(fea3d31748a458940a9a19720bd40e33) Importer(815301076,1909f56bfc062723c751e8b465ee728b)  -> (artifact id: '4f843a32379511b9640e431d26104604') in 0.017804 seconds 
  Import took 0.020630 seconds .

========================================================================
Received Import Request.
  Time since last request: 5.918889 seconds.
  path: Assets/Scenes/4-prefab.unity
  artifactKey: Guid(fea3d31748a458940a9a19720bd40e33) Importer(815301076,1909f56bfc062723c751e8b465ee728b)
Start importing Assets/Scenes/4-prefab.unity using Guid(fea3d31748a458940a9a19720bd40e33) Importer(815301076,1909f56bfc062723c751e8b465ee728b)  -> (artifact id: 'd6d2ec33f7df6311a58bc8972e1b3ded') in 0.007106 seconds 
  Import took 0.009388 seconds .

========================================================================
Received Import Request.
  Time since last request: 2.863444 seconds.
  path: Assets/Scenes/3-gravity.unity
  artifactKey: Guid(994776488f2a0b441aa1cea81bb4b1db) Importer(815301076,1909f56bfc062723c751e8b465ee728b)
Start importing Assets/Scenes/3-gravity.unity using Guid(994776488f2a0b441aa1cea81bb4b1db) Importer(815301076,1909f56bfc062723c751e8b465ee728b)  -> (artifact id: '5404954a5cab629aea19eec70f2c1217') in 0.002522 seconds 
  Import took 0.004961 seconds .

========================================================================
Received Prepare
Registering precompiled user dll's ...
Registered in 0.003952 seconds.
Begin MonoManager ReloadAssembly
Native extension for WindowsStandalone target not found
Native extension for WebGL target not found
Refreshing native plugins compatible for Editor in 0.37 ms, found 2 plugins.
Preloading 0 native plugins for Editor in 0.00 ms.
Mono: successfully reloaded assembly
- Completed reload, in  1.011 seconds
Domain Reload Profiling:
	ReloadAssembly (1012ms)
		BeginReloadAssembly (134ms)
			ExecutionOrderSort (0ms)
			DisableScriptedObjects (5ms)
			BackupInstance (0ms)
			ReleaseScriptingObjects (0ms)
			CreateAndSetChildDomain (30ms)
		EndReloadAssembly (813ms)
			LoadAssemblies (108ms)
			RebuildTransferFunctionScriptingTraits (0ms)
			SetupTypeCache (282ms)
			ReleaseScriptCaches (1ms)
			RebuildScriptCaches (41ms)
			SetupLoadedEditorAssemblies (294ms)
				LogAssemblyErrors (0ms)
				InitializePlatformSupportModulesInManaged (7ms)
				SetLoadedEditorAssemblies (1ms)
				RefreshPlugins (0ms)
				BeforeProcessingInitializeOnLoad (88ms)
				ProcessInitializeOnLoadAttributes (192ms)
				ProcessInitializeOnLoadMethodAttributes (4ms)
				AfterProcessingInitializeOnLoad (3ms)
				EditorAssembliesLoaded (0ms)
			ExecutionOrderSort2 (0ms)
			AwakeInstancesAfterBackupRestoration (8ms)
Platform modules already initialized, skipping
Refreshing native plugins compatible for Editor in 0.30 ms, found 2 plugins.
Preloading 0 native plugins for Editor in 0.00 ms.
Unloading 1385 Unused Serialized files (Serialized files now loaded: 0)
System memory in use before: 68.2 MB.
System memory in use after: 68.3 MB.

Unloading 14 unused Assets to reduce memory usage. Loaded Objects now: 1881.
Total: 1.861700 ms (FindLiveObjects: 0.138400 ms CreateObjectMapping: 0.034100 ms MarkObjects: 1.638700 ms  DeleteObjects: 0.049600 ms)

AssetImportParameters requested are different than current active one (requested -> active):
  custom:framework-win-MediaFoundation: 216162199b28c13a410421893ffa2e32 -> 
  custom:video-decoder-ogg-theora: a1e56fd34408186e4bbccfd4996cb3dc -> 
  custom:container-muxer-webm: aa71ff27fc2769a1b78a27578f13a17b -> 
  custom:container-demuxer-webm: 4f35f7cbe854078d1ac9338744f61a02 -> 
  custom:container-demuxer-ogg: 62fdf1f143b41e24485cea50d1cbac27 -> 
  custom:video-encoder-webm-vp8: eb34c28f22e8b96e1ab97ce403110664 -> 
  custom:video-decoder-webm-vp8: 9c59270c3fd7afecdb556c50c9e8de78 -> 
  custom:audio-decoder-ogg-vorbis: bf7c407c2cedff20999df2af8eb42d56 -> 
  custom:audio-encoder-webm-vorbis: bf7c407c2cedff20999df2af8eb42d56 -> 
========================================================================
Received Import Request.
  Time since last request: 40.884696 seconds.
  path: Assets/Scenes/3-gravity 1.unity
  artifactKey: Guid(882b0961d7000924f9d52a30bf028166) Importer(815301076,1909f56bfc062723c751e8b465ee728b)
Start importing Assets/Scenes/3-gravity 1.unity using Guid(882b0961d7000924f9d52a30bf028166) Importer(815301076,1909f56bfc062723c751e8b465ee728b)  -> (artifact id: 'c2993d28d535f44321d94fc2a78164ae') in 0.011458 seconds 
  Import took 0.013723 seconds .

========================================================================
Received Import Request.
  Time since last request: 5.811003 seconds.
  path: Assets/Scenes/4-prefab.unity
  artifactKey: Guid(882b0961d7000924f9d52a30bf028166) Importer(815301076,1909f56bfc062723c751e8b465ee728b)
Start importing Assets/Scenes/4-prefab.unity using Guid(882b0961d7000924f9d52a30bf028166) Importer(815301076,1909f56bfc062723c751e8b465ee728b)  -> (artifact id: 'a2692d485528b0ea4d0a32a83ad2e85d') in 0.002546 seconds 
  Import took 0.004718 seconds .

========================================================================
Received Prepare
Registering precompiled user dll's ...
Registered in 0.003989 seconds.
Begin MonoManager ReloadAssembly
Native extension for WindowsStandalone target not found
Native extension for WebGL target not found
Refreshing native plugins compatible for Editor in 0.31 ms, found 2 plugins.
Preloading 0 native plugins for Editor in 0.00 ms.
Mono: successfully reloaded assembly
- Completed reload, in  1.065 seconds
Domain Reload Profiling:
	ReloadAssembly (1066ms)
		BeginReloadAssembly (130ms)
			ExecutionOrderSort (0ms)
			DisableScriptedObjects (5ms)
			BackupInstance (0ms)
			ReleaseScriptingObjects (0ms)
			CreateAndSetChildDomain (30ms)
		EndReloadAssembly (869ms)
			LoadAssemblies (120ms)
			RebuildTransferFunctionScriptingTraits (0ms)
			SetupTypeCache (293ms)
			ReleaseScriptCaches (1ms)
			RebuildScriptCaches (45ms)
			SetupLoadedEditorAssemblies (315ms)
				LogAssemblyErrors (0ms)
				InitializePlatformSupportModulesInManaged (7ms)
				SetLoadedEditorAssemblies (0ms)
				RefreshPlugins (0ms)
				BeforeProcessingInitializeOnLoad (91ms)
				ProcessInitializeOnLoadAttributes (210ms)
				ProcessInitializeOnLoadMethodAttributes (4ms)
				AfterProcessingInitializeOnLoad (3ms)
				EditorAssembliesLoaded (0ms)
			ExecutionOrderSort2 (0ms)
			AwakeInstancesAfterBackupRestoration (9ms)
Platform modules already initialized, skipping
Refreshing native plugins compatible for Editor in 0.40 ms, found 2 plugins.
Preloading 0 native plugins for Editor in 0.00 ms.
Unloading 1385 Unused Serialized files (Serialized files now loaded: 0)
System memory in use before: 68.2 MB.
System memory in use after: 68.3 MB.

Unloading 14 unused Assets to reduce memory usage. Loaded Objects now: 1884.
Total: 2.177600 ms (FindLiveObjects: 0.178100 ms CreateObjectMapping: 0.035600 ms MarkObjects: 1.903500 ms  DeleteObjects: 0.058400 ms)

AssetImportParameters requested are different than current active one (requested -> active):
  custom:framework-win-MediaFoundation: 216162199b28c13a410421893ffa2e32 -> 
  custom:video-decoder-ogg-theora: a1e56fd34408186e4bbccfd4996cb3dc -> 
  custom:container-muxer-webm: aa71ff27fc2769a1b78a27578f13a17b -> 
  custom:container-demuxer-webm: 4f35f7cbe854078d1ac9338744f61a02 -> 
  custom:container-demuxer-ogg: 62fdf1f143b41e24485cea50d1cbac27 -> 
  custom:video-encoder-webm-vp8: eb34c28f22e8b96e1ab97ce403110664 -> 
  custom:video-decoder-webm-vp8: 9c59270c3fd7afecdb556c50c9e8de78 -> 
  custom:audio-decoder-ogg-vorbis: bf7c407c2cedff20999df2af8eb42d56 -> 
  custom:audio-encoder-webm-vorbis: bf7c407c2cedff20999df2af8eb42d56 -> 
========================================================================
Received Import Request.
  Time since last request: 15.401507 seconds.
  path: Assets/Prefabs
  artifactKey: Guid(9bc6593cded82de4fa122393c4c6eb26) Importer(815301076,1909f56bfc062723c751e8b465ee728b)
Start importing Assets/Prefabs using Guid(9bc6593cded82de4fa122393c4c6eb26) Importer(815301076,1909f56bfc062723c751e8b465ee728b)  -> (artifact id: '46120e888c75611adab2893d45d431d2') in 0.009427 seconds 
  Import took 0.011777 seconds .

========================================================================
Received Import Request.
  Time since last request: 45.718640 seconds.
  path: Assets/Prefabs/New Prefab.prefab
  artifactKey: Guid(ed610756ddb273c4093988999a0d3503) Importer(815301076,1909f56bfc062723c751e8b465ee728b)
Start importing Assets/Prefabs/New Prefab.prefab using Guid(ed610756ddb273c4093988999a0d3503) Importer(815301076,1909f56bfc062723c751e8b465ee728b)  -> (artifact id: 'f15a1bc9c75b9ec6db7abd60ac607131') in 0.026402 seconds 
  Import took 0.028682 seconds .

========================================================================
Received Import Request.
  Time since last request: 0.019400 seconds.
  path: Assets/Prefabs/New Prefab.prefab
  artifactKey: Guid(ed610756ddb273c4093988999a0d3503) Importer(815301076,1909f56bfc062723c751e8b465ee728b)
Start importing Assets/Prefabs/New Prefab.prefab using Guid(ed610756ddb273c4093988999a0d3503) Importer(815301076,1909f56bfc062723c751e8b465ee728b)  -> (artifact id: 'f15a1bc9c75b9ec6db7abd60ac607131') in 0.004622 seconds 
  Import took 0.007015 seconds .

========================================================================
Received Import Request.
  Time since last request: 24.953356 seconds.
  path: Assets/Materials/ball.mat
  artifactKey: Guid(830d95a6845165c42831399f1e9a147c) Importer(815301076,1909f56bfc062723c751e8b465ee728b)
Start importing Assets/Materials/ball.mat using Guid(830d95a6845165c42831399f1e9a147c) Importer(815301076,1909f56bfc062723c751e8b465ee728b)  -> (artifact id: '5485b3efaf8377a867ba23aa87942450') in 0.059829 seconds 
  Import took 0.062370 seconds .

========================================================================
Received Import Request.
  Time since last request: 0.000218 seconds.
  path: Assets/Materials/floor.mat
  artifactKey: Guid(502251891bc3bdf478f02bfd31cbcf8f) Importer(815301076,1909f56bfc062723c751e8b465ee728b)
Start importing Assets/Materials/floor.mat using Guid(502251891bc3bdf478f02bfd31cbcf8f) Importer(815301076,1909f56bfc062723c751e8b465ee728b)  -> (artifact id: '6692f400878503d6b40dc9c422e3c862') in 0.014915 seconds 
  Import took 0.017191 seconds .

========================================================================
Received Import Request.
  Time since last request: 0.842320 seconds.
  path: Assets/Physic Materials/bounce.physicMaterial
  artifactKey: Guid(abe13ca310f5898419af7f6e3ba6e635) Importer(815301076,1909f56bfc062723c751e8b465ee728b)
Start importing Assets/Physic Materials/bounce.physicMaterial using Guid(abe13ca310f5898419af7f6e3ba6e635) Importer(815301076,1909f56bfc062723c751e8b465ee728b)  -> (artifact id: '1ac3cdb7d64129f32783858c7197ea7b') in 0.002759 seconds 
  Import took 0.005474 seconds .

========================================================================
Received Import Request.
  Time since last request: 76.007631 seconds.
  path: Assets/Prefabs/New Prefab.prefab
  artifactKey: Guid(ed610756ddb273c4093988999a0d3503) Importer(815301076,1909f56bfc062723c751e8b465ee728b)
Start importing Assets/Prefabs/New Prefab.prefab using Guid(ed610756ddb273c4093988999a0d3503) Importer(815301076,1909f56bfc062723c751e8b465ee728b)  -> (artifact id: '4d95a041844dbeafc3c6926682000a20') in 0.004442 seconds 
  Import took 0.006764 seconds .

========================================================================
Received Prepare
Registering precompiled user dll's ...
Registered in 0.004019 seconds.
Begin MonoManager ReloadAssembly
Native extension for WindowsStandalone target not found
Native extension for WebGL target not found
Refreshing native plugins compatible for Editor in 0.30 ms, found 2 plugins.
Preloading 0 native plugins for Editor in 0.00 ms.
Mono: successfully reloaded assembly
- Completed reload, in  1.062 seconds
Domain Reload Profiling:
	ReloadAssembly (1063ms)
		BeginReloadAssembly (132ms)
			ExecutionOrderSort (0ms)
			DisableScriptedObjects (4ms)
			BackupInstance (0ms)
			ReleaseScriptingObjects (0ms)
			CreateAndSetChildDomain (30ms)
		EndReloadAssembly (865ms)
			LoadAssemblies (112ms)
			RebuildTransferFunctionScriptingTraits (0ms)
			SetupTypeCache (287ms)
			ReleaseScriptCaches (1ms)
			RebuildScriptCaches (40ms)
			SetupLoadedEditorAssemblies (335ms)
				LogAssemblyErrors (0ms)
				InitializePlatformSupportModulesInManaged (7ms)
				SetLoadedEditorAssemblies (0ms)
				RefreshPlugins (0ms)
				BeforeProcessingInitializeOnLoad (90ms)
				ProcessInitializeOnLoadAttributes (231ms)
				ProcessInitializeOnLoadMethodAttributes (4ms)
				AfterProcessingInitializeOnLoad (3ms)
				EditorAssembliesLoaded (0ms)
			ExecutionOrderSort2 (0ms)
			AwakeInstancesAfterBackupRestoration (7ms)
Platform modules already initialized, skipping
Refreshing native plugins compatible for Editor in 0.30 ms, found 2 plugins.
Preloading 0 native plugins for Editor in 0.00 ms.
Unloading 1385 Unused Serialized files (Serialized files now loaded: 0)
System memory in use before: 68.2 MB.
System memory in use after: 68.3 MB.

Unloading 14 unused Assets to reduce memory usage. Loaded Objects now: 1888.
Total: 2.009800 ms (FindLiveObjects: 0.180000 ms CreateObjectMapping: 0.033800 ms MarkObjects: 1.735700 ms  DeleteObjects: 0.059100 ms)

AssetImportParameters requested are different than current active one (requested -> active):
  custom:framework-win-MediaFoundation: 216162199b28c13a410421893ffa2e32 -> 
  custom:video-decoder-ogg-theora: a1e56fd34408186e4bbccfd4996cb3dc -> 
  custom:container-muxer-webm: aa71ff27fc2769a1b78a27578f13a17b -> 
  custom:container-demuxer-webm: 4f35f7cbe854078d1ac9338744f61a02 -> 
  custom:container-demuxer-ogg: 62fdf1f143b41e24485cea50d1cbac27 -> 
  custom:video-encoder-webm-vp8: eb34c28f22e8b96e1ab97ce403110664 -> 
  custom:video-decoder-webm-vp8: 9c59270c3fd7afecdb556c50c9e8de78 -> 
  custom:audio-decoder-ogg-vorbis: bf7c407c2cedff20999df2af8eb42d56 -> 
  custom:audio-encoder-webm-vorbis: bf7c407c2cedff20999df2af8eb42d56 -> 
========================================================================
Received Import Request.
  Time since last request: 506.669540 seconds.
  path: Assets/Prefabs/New Prefab.prefab
  artifactKey: Guid(ed610756ddb273c4093988999a0d3503) Importer(815301076,1909f56bfc062723c751e8b465ee728b)
Start importing Assets/Prefabs/New Prefab.prefab using Guid(ed610756ddb273c4093988999a0d3503) Importer(815301076,1909f56bfc062723c751e8b465ee728b)  -> (artifact id: '7c26e4cdc96da8c1577557bb7e6886bc') in 0.024275 seconds 
  Import took 0.026607 seconds .

========================================================================
Received Import Request.
  Time since last request: 88.614937 seconds.
  path: Assets/Scenes/3-gravity.unity
  artifactKey: Guid(994776488f2a0b441aa1cea81bb4b1db) Importer(815301076,1909f56bfc062723c751e8b465ee728b)
Start importing Assets/Scenes/3-gravity.unity using Guid(994776488f2a0b441aa1cea81bb4b1db) Importer(815301076,1909f56bfc062723c751e8b465ee728b)  -> (artifact id: 'f70a604be1cf54832643a60daf9115ab') in 0.002704 seconds 
  Import took 0.005354 seconds .

========================================================================
Received Import Request.
  Time since last request: 0.000249 seconds.
  path: Assets/Scenes/3-gravity.unity
  artifactKey: Guid(994776488f2a0b441aa1cea81bb4b1db) Importer(815301076,1909f56bfc062723c751e8b465ee728b)
Start importing Assets/Scenes/3-gravity.unity using Guid(994776488f2a0b441aa1cea81bb4b1db) Importer(815301076,1909f56bfc062723c751e8b465ee728b)  -> (artifact id: 'f70a604be1cf54832643a60daf9115ab') in 0.002182 seconds 
  Import took 0.004274 seconds .

========================================================================
Received Import Request.
  Time since last request: 0.428628 seconds.
  path: Assets/Scenes/4-prefab.unity
  artifactKey: Guid(882b0961d7000924f9d52a30bf028166) Importer(815301076,1909f56bfc062723c751e8b465ee728b)
Start importing Assets/Scenes/4-prefab.unity using Guid(882b0961d7000924f9d52a30bf028166) Importer(815301076,1909f56bfc062723c751e8b465ee728b)  -> (artifact id: '0b24dda94592f3fdba9584dcf42dcacc') in 0.002487 seconds 
  Import took 0.004723 seconds .

========================================================================
Received Import Request.
  Time since last request: 222.384638 seconds.
  path: Assets/Prefabs/Ball.prefab
  artifactKey: Guid(ebb213284668e9a4283bd4b28cfb05c4) Importer(815301076,1909f56bfc062723c751e8b465ee728b)
Start importing Assets/Prefabs/Ball.prefab using Guid(ebb213284668e9a4283bd4b28cfb05c4) Importer(815301076,1909f56bfc062723c751e8b465ee728b)  -> (artifact id: 'be70f6b7d01e87f8554cf4e299fbb1a9') in 0.062094 seconds 
  Import took 0.065094 seconds .

========================================================================
Received Import Request.
  Time since last request: 497.002121 seconds.
  path: Assets/Scenes/4-prefab.unity
  artifactKey: Guid(882b0961d7000924f9d52a30bf028166) Importer(815301076,1909f56bfc062723c751e8b465ee728b)
Start importing Assets/Scenes/4-prefab.unity using Guid(882b0961d7000924f9d52a30bf028166) Importer(815301076,1909f56bfc062723c751e8b465ee728b)  -> (artifact id: '91d570da96083a76167845a3469acc65') in 0.002516 seconds 
  Import took 0.004899 seconds .

========================================================================
Received Import Request.
  Time since last request: 2.486960 seconds.
  path: Assets/Scenes/4-prefab 1.unity
  artifactKey: Guid(a2d0fbf3ad19a0944af128c80277828c) Importer(815301076,1909f56bfc062723c751e8b465ee728b)
Start importing Assets/Scenes/4-prefab 1.unity using Guid(a2d0fbf3ad19a0944af128c80277828c) Importer(815301076,1909f56bfc062723c751e8b465ee728b)  -> (artifact id: '3c616bc804e3935333f891b5329c6211') in 0.007757 seconds 
  Import took 0.009988 seconds .

========================================================================
Received Import Request.
  Time since last request: 6.831650 seconds.
  path: Assets/Scenes/5-more_colors.unity
  artifactKey: Guid(a2d0fbf3ad19a0944af128c80277828c) Importer(815301076,1909f56bfc062723c751e8b465ee728b)
Start importing Assets/Scenes/5-more_colors.unity using Guid(a2d0fbf3ad19a0944af128c80277828c) Importer(815301076,1909f56bfc062723c751e8b465ee728b)  -> (artifact id: '51e22ce87ab925dc864932e78d6b4c78') in 0.005819 seconds 
  Import took 0.008035 seconds .

========================================================================
Received Import Request.
  Time since last request: 759.464036 seconds.
  path: Assets/Materials/ball-red.mat
  artifactKey: Guid(98e24c52bdc99c84e9cb5847a7bc001c) Importer(815301076,1909f56bfc062723c751e8b465ee728b)
Start importing Assets/Materials/ball-red.mat using Guid(98e24c52bdc99c84e9cb5847a7bc001c) Importer(815301076,1909f56bfc062723c751e8b465ee728b)  -> (artifact id: 'f768281cd9aec17020076f5cf789c5e7') in 0.038477 seconds 
  Import took 0.040906 seconds .

========================================================================
Received Import Request.
  Time since last request: 35.782063 seconds.
  path: Assets/Materials/New Material.mat
  artifactKey: Guid(262e6a83f2d50b540911b3c15ad26d6f) Importer(815301076,1909f56bfc062723c751e8b465ee728b)
Start importing Assets/Materials/New Material.mat using Guid(262e6a83f2d50b540911b3c15ad26d6f) Importer(815301076,1909f56bfc062723c751e8b465ee728b)  -> (artifact id: '37540134311bb16d8d6dc8378ac084f6') in 0.013720 seconds 
  Import took 0.016096 seconds .

========================================================================
Received Import Request.
  Time since last request: 6.211875 seconds.
  path: Assets/Materials/ball-blue.mat
  artifactKey: Guid(262e6a83f2d50b540911b3c15ad26d6f) Importer(815301076,1909f56bfc062723c751e8b465ee728b)
Start importing Assets/Materials/ball-blue.mat using Guid(262e6a83f2d50b540911b3c15ad26d6f) Importer(815301076,1909f56bfc062723c751e8b465ee728b)  -> (artifact id: 'b43bbd05f849c1463cb5ebc550d75625') in 0.012632 seconds 
  Import took 0.014925 seconds .

========================================================================
Received Import Request.
  Time since last request: 15.896711 seconds.
  path: Assets/Materials/New Material.mat
  artifactKey: Guid(400109e4600f9094f88965ee34945cb1) Importer(815301076,1909f56bfc062723c751e8b465ee728b)
Start importing Assets/Materials/New Material.mat using Guid(400109e4600f9094f88965ee34945cb1) Importer(815301076,1909f56bfc062723c751e8b465ee728b)  -> (artifact id: 'fa0bfc70f5a85066a6940bbfc63e6d84') in 0.012019 seconds 
  Import took 0.014443 seconds .

========================================================================
Received Import Request.
  Time since last request: 5.941693 seconds.
  path: Assets/Materials/ball-green.mat
  artifactKey: Guid(400109e4600f9094f88965ee34945cb1) Importer(815301076,1909f56bfc062723c751e8b465ee728b)
Start importing Assets/Materials/ball-green.mat using Guid(400109e4600f9094f88965ee34945cb1) Importer(815301076,1909f56bfc062723c751e8b465ee728b)  -> (artifact id: '71658891b6dc422fb1848d45276a73f4') in 0.012569 seconds 
  Import took 0.014857 seconds .

========================================================================
Received Import Request.
  Time since last request: 20.721710 seconds.
  path: Assets/Materials/ball-white.mat
  artifactKey: Guid(1e6fb7071ac84fc4db109536652ba110) Importer(815301076,1909f56bfc062723c751e8b465ee728b)
Start importing Assets/Materials/ball-white.mat using Guid(1e6fb7071ac84fc4db109536652ba110) Importer(815301076,1909f56bfc062723c751e8b465ee728b)  -> (artifact id: '95cca96375a4fee4991a44304bf5da21') in 0.012851 seconds 
  Import took 0.015205 seconds .

========================================================================
Received Import Request.
  Time since last request: 24.804107 seconds.
  path: Assets/Materials/ball-black.mat
  artifactKey: Guid(baa7cda25c88bed45a9e1a03307714fb) Importer(815301076,1909f56bfc062723c751e8b465ee728b)
Start importing Assets/Materials/ball-black.mat using Guid(baa7cda25c88bed45a9e1a03307714fb) Importer(815301076,1909f56bfc062723c751e8b465ee728b)  -> (artifact id: '91f495679daa34da188f236eb6484bef') in 0.012941 seconds 
  Import took 0.015303 seconds .

========================================================================
Received Prepare
Registering precompiled user dll's ...
Registered in 0.004046 seconds.
Begin MonoManager ReloadAssembly
Native extension for WindowsStandalone target not found
Native extension for WebGL target not found
Refreshing native plugins compatible for Editor in 0.30 ms, found 2 plugins.
Preloading 0 native plugins for Editor in 0.00 ms.
Mono: successfully reloaded assembly
- Completed reload, in  0.997 seconds
Domain Reload Profiling:
	ReloadAssembly (997ms)
		BeginReloadAssembly (125ms)
			ExecutionOrderSort (0ms)
			DisableScriptedObjects (5ms)
			BackupInstance (0ms)
			ReleaseScriptingObjects (0ms)
			CreateAndSetChildDomain (30ms)
		EndReloadAssembly (808ms)
			LoadAssemblies (110ms)
			RebuildTransferFunctionScriptingTraits (0ms)
			SetupTypeCache (279ms)
			ReleaseScriptCaches (1ms)
			RebuildScriptCaches (40ms)
			SetupLoadedEditorAssemblies (293ms)
				LogAssemblyErrors (0ms)
				InitializePlatformSupportModulesInManaged (6ms)
				SetLoadedEditorAssemblies (0ms)
				RefreshPlugins (0ms)
				BeforeProcessingInitializeOnLoad (90ms)
				ProcessInitializeOnLoadAttributes (189ms)
				ProcessInitializeOnLoadMethodAttributes (4ms)
				AfterProcessingInitializeOnLoad (3ms)
				EditorAssembliesLoaded (0ms)
			ExecutionOrderSort2 (0ms)
			AwakeInstancesAfterBackupRestoration (7ms)
Platform modules already initialized, skipping
Refreshing native plugins compatible for Editor in 0.30 ms, found 2 plugins.
Preloading 0 native plugins for Editor in 0.00 ms.
Unloading 1385 Unused Serialized files (Serialized files now loaded: 0)
System memory in use before: 68.3 MB.
System memory in use after: 68.4 MB.

Unloading 14 unused Assets to reduce memory usage. Loaded Objects now: 1893.
Total: 1.899600 ms (FindLiveObjects: 0.150700 ms CreateObjectMapping: 0.033600 ms MarkObjects: 1.666300 ms  DeleteObjects: 0.048200 ms)

AssetImportParameters requested are different than current active one (requested -> active):
  custom:framework-win-MediaFoundation: 216162199b28c13a410421893ffa2e32 -> 
  custom:video-decoder-ogg-theora: a1e56fd34408186e4bbccfd4996cb3dc -> 
  custom:container-muxer-webm: aa71ff27fc2769a1b78a27578f13a17b -> 
  custom:container-demuxer-webm: 4f35f7cbe854078d1ac9338744f61a02 -> 
  custom:container-demuxer-ogg: 62fdf1f143b41e24485cea50d1cbac27 -> 
  custom:video-encoder-webm-vp8: eb34c28f22e8b96e1ab97ce403110664 -> 
  custom:video-decoder-webm-vp8: 9c59270c3fd7afecdb556c50c9e8de78 -> 
  custom:audio-decoder-ogg-vorbis: bf7c407c2cedff20999df2af8eb42d56 -> 
  custom:audio-encoder-webm-vorbis: bf7c407c2cedff20999df2af8eb42d56 -> 
========================================================================
Received Import Request.
  Time since last request: 219.836288 seconds.
  path: Assets/Materials/ball-black.mat
  artifactKey: Guid(baa7cda25c88bed45a9e1a03307714fb) Importer(815301076,1909f56bfc062723c751e8b465ee728b)
Start importing Assets/Materials/ball-black.mat using Guid(baa7cda25c88bed45a9e1a03307714fb) Importer(815301076,1909f56bfc062723c751e8b465ee728b)  -> (artifact id: '0b8deec291a4d7f8c389a9b180dee024') in 0.063109 seconds 
  Import took 0.065422 seconds .

========================================================================
Received Import Request.
  Time since last request: 0.000222 seconds.
  path: Assets/Materials/ball-blue.mat
  artifactKey: Guid(262e6a83f2d50b540911b3c15ad26d6f) Importer(815301076,1909f56bfc062723c751e8b465ee728b)
Start importing Assets/Materials/ball-blue.mat using Guid(262e6a83f2d50b540911b3c15ad26d6f) Importer(815301076,1909f56bfc062723c751e8b465ee728b)  -> (artifact id: '12cd4e15b5d9f633c7ddd1488a081f36') in 0.011694 seconds 
  Import took 0.014317 seconds .

========================================================================
Received Import Request.
  Time since last request: 0.000280 seconds.
  path: Assets/Materials/ball-green.mat
  artifactKey: Guid(400109e4600f9094f88965ee34945cb1) Importer(815301076,1909f56bfc062723c751e8b465ee728b)
Start importing Assets/Materials/ball-green.mat using Guid(400109e4600f9094f88965ee34945cb1) Importer(815301076,1909f56bfc062723c751e8b465ee728b)  -> (artifact id: '48fe120a1202c7a1d0548b43ba48088a') in 0.012148 seconds 
  Import took 0.014872 seconds .

========================================================================
Received Import Request.
  Time since last request: 0.000226 seconds.
  path: Assets/Materials/ball-red.mat
  artifactKey: Guid(98e24c52bdc99c84e9cb5847a7bc001c) Importer(815301076,1909f56bfc062723c751e8b465ee728b)
Start importing Assets/Materials/ball-red.mat using Guid(98e24c52bdc99c84e9cb5847a7bc001c) Importer(815301076,1909f56bfc062723c751e8b465ee728b)  -> (artifact id: '6cd3d6fc9fb9395b49b73a1ea1183a1b') in 0.012432 seconds 
  Import took 0.014846 seconds .

========================================================================
Received Import Request.
  Time since last request: 0.003940 seconds.
  path: Assets/Materials/ball-red.mat
  artifactKey: Guid(98e24c52bdc99c84e9cb5847a7bc001c) Importer(815301076,1909f56bfc062723c751e8b465ee728b)
Start importing Assets/Materials/ball-red.mat using Guid(98e24c52bdc99c84e9cb5847a7bc001c) Importer(815301076,1909f56bfc062723c751e8b465ee728b)  -> (artifact id: '6cd3d6fc9fb9395b49b73a1ea1183a1b') in 0.011353 seconds 
  Import took 0.013652 seconds .

========================================================================
Received Import Request.
  Time since last request: 3.348812 seconds.
  path: Assets/Scenes/5-more_colors.unity
  artifactKey: Guid(a2d0fbf3ad19a0944af128c80277828c) Importer(815301076,1909f56bfc062723c751e8b465ee728b)
Start importing Assets/Scenes/5-more_colors.unity using Guid(a2d0fbf3ad19a0944af128c80277828c) Importer(815301076,1909f56bfc062723c751e8b465ee728b)  -> (artifact id: '4f146bec94999c34f81f5c89dfe8a6e7') in 0.002874 seconds 
  Import took 0.005109 seconds .

========================================================================
Received Import Request.
  Time since last request: 10.552381 seconds.
  path: Assets/Scenes/5-more_colors 1.unity
  artifactKey: Guid(3685e12244c625f4caebc7a0c9949256) Importer(815301076,1909f56bfc062723c751e8b465ee728b)
Start importing Assets/Scenes/5-more_colors 1.unity using Guid(3685e12244c625f4caebc7a0c9949256) Importer(815301076,1909f56bfc062723c751e8b465ee728b)  -> (artifact id: 'a096c984f79700dd2316e30529a7c80a') in 0.007115 seconds 
  Import took 0.009328 seconds .

========================================================================
Received Import Request.
  Time since last request: 14.616680 seconds.
  path: Assets/Scenes/6-tags.unity
  artifactKey: Guid(a2d0fbf3ad19a0944af128c80277828c) Importer(815301076,1909f56bfc062723c751e8b465ee728b)
Start importing Assets/Scenes/6-tags.unity using Guid(a2d0fbf3ad19a0944af128c80277828c) Importer(815301076,1909f56bfc062723c751e8b465ee728b)  -> (artifact id: '177e7781841f5061c4f6683bdd91dcbe') in 0.008383 seconds 
  Import took 0.010646 seconds .

========================================================================
Received Import Request.
  Time since last request: 66.554852 seconds.
  path: ProjectSettings/TagManager.asset
  artifactKey: Guid(00000000000000003000000000000000) Importer(815301076,1909f56bfc062723c751e8b465ee728b)
Start importing ProjectSettings/TagManager.asset using Guid(00000000000000003000000000000000) Importer(815301076,1909f56bfc062723c751e8b465ee728b)  -> (artifact id: 'ce6a35c3cddc746e7501c0bd0ed6d4ce') in 0.008805 seconds 
  Import took 0.011068 seconds .

========================================================================
Received Import Request.
  Time since last request: 0.000735 seconds.
  path: ProjectSettings/TagManager.asset
  artifactKey: Guid(00000000000000003000000000000000) Importer(815301076,1909f56bfc062723c751e8b465ee728b)
Start importing ProjectSettings/TagManager.asset using Guid(00000000000000003000000000000000) Importer(815301076,1909f56bfc062723c751e8b465ee728b)  -> (artifact id: 'ce6a35c3cddc746e7501c0bd0ed6d4ce') in 0.002407 seconds 
  Import took 0.004560 seconds .

AssetImportWorkerClient::OnTransportError - code=2 error=End of file
